The target system is: Linux -  - arm
The host system is: Linux - 5.15.0-139-generic - x86_64
Compiling the C compiler identification source file "CMakeCCompilerId.c" succeeded.
Compiler: /home/ktw/Documents/tm2sdk-master/sysroots/x86_64-oesdk-linux/usr/bin/arm-oe-linux-gnueabi/arm-oe-linux-gnueabi-gcc 
Build flags: ;;;-march=armv7-a;-mfloat-abi=softfp;-mfpu=neon;--sysroot=/home/ktw/Documents/tm2sdk-master/sysroots/armv7a-vfp-neon-oe-linux-gnueabi;--sysroot=/home/ktw/Documents/tm2sdk-master/sysroots/armv7a-vfp-neon-oe-linux-gnueabi;;;-march=armv7-a;-mfloat-abi=softfp;-mfpu=neon;--sysroot=/home/ktw/Documents/tm2sdk-master/sysroots/armv7a-vfp-neon-oe-linux-gnueabi;--sysroot=/home/ktw/Documents/tm2sdk-master/sysroots/armv7a-vfp-neon-oe-linux-gnueabi
Id flags:  

The output was:
0


Compilation of the C compiler identification source "CMakeCCompilerId.c" produced "a.out"

The C compiler identification is GNU, found in "/home/ktw/Documents/GitHub/paho.mqtt.c/build-cross/CMakeFiles/3.16.3/CompilerIdC/a.out"

Determining if the C compiler works passed with the following output:
Change Dir: /home/ktw/Documents/GitHub/paho.mqtt.c/build-cross/CMakeFiles/CMakeTmp

Run Build Command(s):/usr/bin/make cmTC_6c6c5/fast && /usr/bin/make -f CMakeFiles/cmTC_6c6c5.dir/build.make CMakeFiles/cmTC_6c6c5.dir/build
make[1]: Entering directory '/home/ktw/Documents/GitHub/paho.mqtt.c/build-cross/CMakeFiles/CMakeTmp'
Building C object CMakeFiles/cmTC_6c6c5.dir/testCCompiler.c.o
/home/ktw/Documents/tm2sdk-master/sysroots/x86_64-oesdk-linux/usr/bin/arm-oe-linux-gnueabi/arm-oe-linux-gnueabi-gcc --sysroot=/home/ktw/Documents/tm2sdk-master/sysroots/armv7a-vfp-neon-oe-linux-gnueabi   -march=armv7-a -mfloat-abi=softfp -mfpu=neon --sysroot=/home/ktw/Documents/tm2sdk-master/sysroots/armv7a-vfp-neon-oe-linux-gnueabi --sysroot=/home/ktw/Documents/tm2sdk-master/sysroots/armv7a-vfp-neon-oe-linux-gnueabi   -march=armv7-a -mfloat-abi=softfp -mfpu=neon --sysroot=/home/ktw/Documents/tm2sdk-master/sysroots/armv7a-vfp-neon-oe-linux-gnueabi --sysroot=/home/ktw/Documents/tm2sdk-master/sysroots/armv7a-vfp-neon-oe-linux-gnueabi    -o CMakeFiles/cmTC_6c6c5.dir/testCCompiler.c.o   -c /home/ktw/Documents/GitHub/paho.mqtt.c/build-cross/CMakeFiles/CMakeTmp/testCCompiler.c
Linking C executable cmTC_6c6c5
/usr/bin/cmake -E cmake_link_script CMakeFiles/cmTC_6c6c5.dir/link.txt --verbose=1
/home/ktw/Documents/tm2sdk-master/sysroots/x86_64-oesdk-linux/usr/bin/arm-oe-linux-gnueabi/arm-oe-linux-gnueabi-gcc --sysroot=/home/ktw/Documents/tm2sdk-master/sysroots/armv7a-vfp-neon-oe-linux-gnueabi    -march=armv7-a -mfloat-abi=softfp -mfpu=neon --sysroot=/home/ktw/Documents/tm2sdk-master/sysroots/armv7a-vfp-neon-oe-linux-gnueabi --sysroot=/home/ktw/Documents/tm2sdk-master/sysroots/armv7a-vfp-neon-oe-linux-gnueabi   -march=armv7-a -mfloat-abi=softfp -mfpu=neon --sysroot=/home/ktw/Documents/tm2sdk-master/sysroots/armv7a-vfp-neon-oe-linux-gnueabi --sysroot=/home/ktw/Documents/tm2sdk-master/sysroots/armv7a-vfp-neon-oe-linux-gnueabi    --sysroot=/home/ktw/Documents/tm2sdk-master/sysroots/armv7a-vfp-neon-oe-linux-gnueabi --sysroot=/home/ktw/Documents/tm2sdk-master/sysroots/armv7a-vfp-neon-oe-linux-gnueabi  CMakeFiles/cmTC_6c6c5.dir/testCCompiler.c.o  -o cmTC_6c6c5   -lMagicCrypto -lmc -ldl -lpthread -lz -lrt 
make[1]: Leaving directory '/home/ktw/Documents/GitHub/paho.mqtt.c/build-cross/CMakeFiles/CMakeTmp'



Detecting C compiler ABI info compiled with the following output:
Change Dir: /home/ktw/Documents/GitHub/paho.mqtt.c/build-cross/CMakeFiles/CMakeTmp

Run Build Command(s):/usr/bin/make cmTC_251fb/fast && /usr/bin/make -f CMakeFiles/cmTC_251fb.dir/build.make CMakeFiles/cmTC_251fb.dir/build
make[1]: Entering directory '/home/ktw/Documents/GitHub/paho.mqtt.c/build-cross/CMakeFiles/CMakeTmp'
Building C object CMakeFiles/cmTC_251fb.dir/CMakeCCompilerABI.c.o
/home/ktw/Documents/tm2sdk-master/sysroots/x86_64-oesdk-linux/usr/bin/arm-oe-linux-gnueabi/arm-oe-linux-gnueabi-gcc --sysroot=/home/ktw/Documents/tm2sdk-master/sysroots/armv7a-vfp-neon-oe-linux-gnueabi   -march=armv7-a -mfloat-abi=softfp -mfpu=neon --sysroot=/home/ktw/Documents/tm2sdk-master/sysroots/armv7a-vfp-neon-oe-linux-gnueabi --sysroot=/home/ktw/Documents/tm2sdk-master/sysroots/armv7a-vfp-neon-oe-linux-gnueabi   -march=armv7-a -mfloat-abi=softfp -mfpu=neon --sysroot=/home/ktw/Documents/tm2sdk-master/sysroots/armv7a-vfp-neon-oe-linux-gnueabi --sysroot=/home/ktw/Documents/tm2sdk-master/sysroots/armv7a-vfp-neon-oe-linux-gnueabi    -v -o CMakeFiles/cmTC_251fb.dir/CMakeCCompilerABI.c.o   -c /usr/share/cmake-3.16/Modules/CMakeCCompilerABI.c
Using built-in specs.
COLLECT_GCC=/home/ktw/Documents/tm2sdk-master/sysroots/x86_64-oesdk-linux/usr/bin/arm-oe-linux-gnueabi/arm-oe-linux-gnueabi-gcc
Target: arm-oe-linux-gnueabi
Configured with: /home/p10255/work_view/KT_MDM9607_LA10_WORK/MDM9607_LA10/apps_proc/oe-core/build/tmp-glibc/work-shared/gcc-4.9.2-r0/gcc-4.9.2/configure --build=x86_64-linux --host=x86_64-oesdk-linux --target=arm-oe-linux-gnueabi --prefix=/usr/local/oecore-x86_64/sysroots/x86_64-oesdk-linux/usr --exec_prefix=/usr/local/oecore-x86_64/sysroots/x86_64-oesdk-linux/usr --bindir=/usr/local/oecore-x86_64/sysroots/x86_64-oesdk-linux/usr/bin/arm-oe-linux-gnueabi --sbindir=/usr/local/oecore-x86_64/sysroots/x86_64-oesdk-linux/usr/bin/arm-oe-linux-gnueabi --libexecdir=/usr/local/oecore-x86_64/sysroots/x86_64-oesdk-linux/usr/libexec/arm-oe-linux-gnueabi --datadir=/usr/local/oecore-x86_64/sysroots/x86_64-oesdk-linux/usr/share --sysconfdir=/usr/local/oecore-x86_64/sysroots/x86_64-oesdk-linux/etc --sharedstatedir=/usr/local/oecore-x86_64/sysroots/x86_64-oesdk-linux/com --localstatedir=/usr/local/oecore-x86_64/sysroots/x86_64-oesdk-linux/var --libdir=/usr/local/oecore-x86_64/sysroots/x86_64-oesdk-linux/usr/lib/arm-oe-linux-gnueabi --includedir=/usr/local/oecore-x86_64/sysroots/x86_64-oesdk-linux/usr/include --oldincludedir=/usr/local/oecore-x86_64/sysroots/x86_64-oesdk-linux/usr/include --infodir=/usr/local/oecore-x86_64/sysroots/x86_64-oesdk-linux/usr/share/info --mandir=/usr/local/oecore-x86_64/sysroots/x86_64-oesdk-linux/usr/share/man --disable-silent-rules --disable-dependency-tracking --with-libtool-sysroot=/home/p10255/work_view/KT_MDM9607_LA10_WORK/MDM9607_LA10/apps_proc/oe-core/build/tmp-glibc/sysroots/x86_64-nativesdk-oesdk-linux --with-gnu-ld --enable-shared --enable-languages=c,c++ --enable-threads=posix --enable-multilib --enable-c99 --enable-long-long --enable-symvers=gnu --enable-libstdcxx-pch --program-prefix=arm-oe-linux-gnueabi- --without-local-prefix --enable-target-optspace --enable-lto --enable-libssp --disable-bootstrap --disable-libmudflap --with-system-zlib --with-linker-hash-style=gnu --enable-linker-build-id --with-ppl=no --with-cloog=no --enable-checking=release --enable-cheaders=c_global --with-gxx-include-dir=/not/exist/usr/include/c++/4.9.2 --with-build-time-tools=/home/p10255/work_view/KT_MDM9607_LA10_WORK/MDM9607_LA10/apps_proc/oe-core/build/tmp-glibc/sysroots/x86_64-linux/usr/arm-oe-linux-gnueabi/bin --with-sysroot=/not/exist --with-build-sysroot=/home/p10255/work_view/KT_MDM9607_LA10_WORK/MDM9607_LA10/apps_proc/oe-core/build/tmp-glibc/sysroots/mdm9607-perf --enable-poison-system-directories --with-mpfr=/home/p10255/work_view/KT_MDM9607_LA10_WORK/MDM9607_LA10/apps_proc/oe-core/build/tmp-glibc/sysroots/x86_64-nativesdk-oesdk-linux --with-mpc=/home/p10255/work_view/KT_MDM9607_LA10_WORK/MDM9607_LA10/apps_proc/oe-core/build/tmp-glibc/sysroots/x86_64-nativesdk-oesdk-linux --enable-nls
Thread model: posix
gcc version 4.9.2 (GCC) 
COLLECT_GCC_OPTIONS='--sysroot=/home/ktw/Documents/tm2sdk-master/sysroots/armv7a-vfp-neon-oe-linux-gnueabi' '-march=armv7-a' '-mfloat-abi=softfp' '-mfpu=neon' '-march=armv7-a' '-mfloat-abi=softfp' '-mfpu=neon' '-v' '-o' 'CMakeFiles/cmTC_251fb.dir/CMakeCCompilerABI.c.o' '-c' '-mtls-dialect=gnu'
 /home/ktw/Documents/tm2sdk-master/sysroots/x86_64-oesdk-linux/usr/bin/arm-oe-linux-gnueabi/../../libexec/arm-oe-linux-gnueabi/gcc/arm-oe-linux-gnueabi/4.9.2/cc1 -quiet -v -iprefix /home/ktw/Documents/tm2sdk-master/sysroots/x86_64-oesdk-linux/usr/bin/arm-oe-linux-gnueabi/../../lib/arm-oe-linux-gnueabi/gcc/arm-oe-linux-gnueabi/4.9.2/ -isysroot /home/ktw/Documents/tm2sdk-master/sysroots/armv7a-vfp-neon-oe-linux-gnueabi /usr/share/cmake-3.16/Modules/CMakeCCompilerABI.c -quiet -dumpbase CMakeCCompilerABI.c -march=armv7-a -mfloat-abi=softfp -mfpu=neon -march=armv7-a -mfloat-abi=softfp -mfpu=neon -mtls-dialect=gnu -auxbase-strip CMakeFiles/cmTC_251fb.dir/CMakeCCompilerABI.c.o -version -o /tmp/ccxOsFb2.s
GNU C (GCC) version 4.9.2 (arm-oe-linux-gnueabi)
	compiled by GNU C version 4.9.2, GMP version 6.0.0, MPFR version 3.1.2, MPC version 1.0.2
GGC heuristics: --param ggc-min-expand=100 --param ggc-min-heapsize=131072
ignoring nonexistent directory "/home/ktw/Documents/tm2sdk-master/sysroots/x86_64-oesdk-linux/usr/bin/arm-oe-linux-gnueabi/../../lib/arm-oe-linux-gnueabi/gcc/arm-oe-linux-gnueabi/4.9.2/../../../../../arm-oe-linux-gnueabi/include"
ignoring duplicate directory "/home/ktw/Documents/tm2sdk-master/sysroots/x86_64-oesdk-linux/usr/bin/arm-oe-linux-gnueabi/../../lib/arm-oe-linux-gnueabi/gcc/../../../lib/arm-oe-linux-gnueabi/gcc/arm-oe-linux-gnueabi/4.9.2/include"
ignoring nonexistent directory "/home/ktw/Documents/tm2sdk-master/sysroots/armv7a-vfp-neon-oe-linux-gnueabi/usr/lib/gcc/arm-oe-linux-gnueabi/4.9.2/include"
ignoring nonexistent directory "/home/ktw/Documents/tm2sdk-master/sysroots/armv7a-vfp-neon-oe-linux-gnueabi/usr/local/include"
ignoring duplicate directory "/home/ktw/Documents/tm2sdk-master/sysroots/x86_64-oesdk-linux/usr/bin/arm-oe-linux-gnueabi/../../lib/arm-oe-linux-gnueabi/gcc/../../../lib/arm-oe-linux-gnueabi/gcc/arm-oe-linux-gnueabi/4.9.2/include-fixed"
ignoring nonexistent directory "/home/ktw/Documents/tm2sdk-master/sysroots/x86_64-oesdk-linux/usr/bin/arm-oe-linux-gnueabi/../../lib/arm-oe-linux-gnueabi/gcc/../../../lib/arm-oe-linux-gnueabi/gcc/arm-oe-linux-gnueabi/4.9.2/../../../../../arm-oe-linux-gnueabi/include"
#include "..." search starts here:
#include <...> search starts here:
 /home/ktw/Documents/tm2sdk-master/sysroots/x86_64-oesdk-linux/usr/bin/arm-oe-linux-gnueabi/../../lib/arm-oe-linux-gnueabi/gcc/arm-oe-linux-gnueabi/4.9.2/include
 /home/ktw/Documents/tm2sdk-master/sysroots/x86_64-oesdk-linux/usr/bin/arm-oe-linux-gnueabi/../../lib/arm-oe-linux-gnueabi/gcc/arm-oe-linux-gnueabi/4.9.2/include-fixed
 /home/ktw/Documents/tm2sdk-master/sysroots/armv7a-vfp-neon-oe-linux-gnueabi/usr/include
End of search list.
GNU C (GCC) version 4.9.2 (arm-oe-linux-gnueabi)
	compiled by GNU C version 4.9.2, GMP version 6.0.0, MPFR version 3.1.2, MPC version 1.0.2
GGC heuristics: --param ggc-min-expand=100 --param ggc-min-heapsize=131072
Compiler executable checksum: 29342c625d7bcbdcfe72918d055d493f
COLLECT_GCC_OPTIONS='--sysroot=/home/ktw/Documents/tm2sdk-master/sysroots/armv7a-vfp-neon-oe-linux-gnueabi' '-march=armv7-a' '-mfloat-abi=softfp' '-mfpu=neon' '-march=armv7-a' '-mfloat-abi=softfp' '-mfpu=neon' '-v' '-o' 'CMakeFiles/cmTC_251fb.dir/CMakeCCompilerABI.c.o' '-c' '-mtls-dialect=gnu'
 /home/ktw/Documents/tm2sdk-master/sysroots/x86_64-oesdk-linux/usr/bin/arm-oe-linux-gnueabi/../../libexec/arm-oe-linux-gnueabi/gcc/arm-oe-linux-gnueabi/4.9.2/as -v -march=armv7-a -march=armv7-a -mfloat-abi=softfp -mfloat-abi=softfp -mfpu=neon -mfpu=neon -meabi=5 -o CMakeFiles/cmTC_251fb.dir/CMakeCCompilerABI.c.o /tmp/ccxOsFb2.s
GNU assembler version 2.24 (arm-oe-linux-gnueabi) using BFD version (GNU Binutils) 2.24
COMPILER_PATH=/home/ktw/Documents/tm2sdk-master/sysroots/x86_64-oesdk-linux/usr/bin/arm-oe-linux-gnueabi/../../libexec/arm-oe-linux-gnueabi/gcc/arm-oe-linux-gnueabi/4.9.2/:/home/ktw/Documents/tm2sdk-master/sysroots/x86_64-oesdk-linux/usr/bin/arm-oe-linux-gnueabi/../../libexec/arm-oe-linux-gnueabi/gcc/
LIBRARY_PATH=/home/ktw/Documents/tm2sdk-master/sysroots/x86_64-oesdk-linux/usr/bin/arm-oe-linux-gnueabi/../../lib/arm-oe-linux-gnueabi/gcc/arm-oe-linux-gnueabi/4.9.2/:/home/ktw/Documents/tm2sdk-master/sysroots/x86_64-oesdk-linux/usr/bin/arm-oe-linux-gnueabi/../../lib/arm-oe-linux-gnueabi/gcc/:/home/ktw/Documents/tm2sdk-master/sysroots/armv7a-vfp-neon-oe-linux-gnueabi/lib/:/home/ktw/Documents/tm2sdk-master/sysroots/armv7a-vfp-neon-oe-linux-gnueabi/usr/lib/arm-oe-linux-gnueabi/4.9.2/:/home/ktw/Documents/tm2sdk-master/sysroots/armv7a-vfp-neon-oe-linux-gnueabi/usr/lib/
COLLECT_GCC_OPTIONS='--sysroot=/home/ktw/Documents/tm2sdk-master/sysroots/armv7a-vfp-neon-oe-linux-gnueabi' '-march=armv7-a' '-mfloat-abi=softfp' '-mfpu=neon' '-march=armv7-a' '-mfloat-abi=softfp' '-mfpu=neon' '-v' '-o' 'CMakeFiles/cmTC_251fb.dir/CMakeCCompilerABI.c.o' '-c' '-mtls-dialect=gnu'
Linking C executable cmTC_251fb
/usr/bin/cmake -E cmake_link_script CMakeFiles/cmTC_251fb.dir/link.txt --verbose=1
/home/ktw/Documents/tm2sdk-master/sysroots/x86_64-oesdk-linux/usr/bin/arm-oe-linux-gnueabi/arm-oe-linux-gnueabi-gcc --sysroot=/home/ktw/Documents/tm2sdk-master/sysroots/armv7a-vfp-neon-oe-linux-gnueabi    -march=armv7-a -mfloat-abi=softfp -mfpu=neon --sysroot=/home/ktw/Documents/tm2sdk-master/sysroots/armv7a-vfp-neon-oe-linux-gnueabi --sysroot=/home/ktw/Documents/tm2sdk-master/sysroots/armv7a-vfp-neon-oe-linux-gnueabi   -march=armv7-a -mfloat-abi=softfp -mfpu=neon --sysroot=/home/ktw/Documents/tm2sdk-master/sysroots/armv7a-vfp-neon-oe-linux-gnueabi --sysroot=/home/ktw/Documents/tm2sdk-master/sysroots/armv7a-vfp-neon-oe-linux-gnueabi    --sysroot=/home/ktw/Documents/tm2sdk-master/sysroots/armv7a-vfp-neon-oe-linux-gnueabi --sysroot=/home/ktw/Documents/tm2sdk-master/sysroots/armv7a-vfp-neon-oe-linux-gnueabi -v CMakeFiles/cmTC_251fb.dir/CMakeCCompilerABI.c.o  -o cmTC_251fb   -lMagicCrypto -lmc -ldl -lpthread -lz -lrt 
Using built-in specs.
COLLECT_GCC=/home/ktw/Documents/tm2sdk-master/sysroots/x86_64-oesdk-linux/usr/bin/arm-oe-linux-gnueabi/arm-oe-linux-gnueabi-gcc
COLLECT_LTO_WRAPPER=/home/ktw/Documents/tm2sdk-master/sysroots/x86_64-oesdk-linux/usr/bin/arm-oe-linux-gnueabi/../../libexec/arm-oe-linux-gnueabi/gcc/arm-oe-linux-gnueabi/4.9.2/lto-wrapper
Target: arm-oe-linux-gnueabi
Configured with: /home/p10255/work_view/KT_MDM9607_LA10_WORK/MDM9607_LA10/apps_proc/oe-core/build/tmp-glibc/work-shared/gcc-4.9.2-r0/gcc-4.9.2/configure --build=x86_64-linux --host=x86_64-oesdk-linux --target=arm-oe-linux-gnueabi --prefix=/usr/local/oecore-x86_64/sysroots/x86_64-oesdk-linux/usr --exec_prefix=/usr/local/oecore-x86_64/sysroots/x86_64-oesdk-linux/usr --bindir=/usr/local/oecore-x86_64/sysroots/x86_64-oesdk-linux/usr/bin/arm-oe-linux-gnueabi --sbindir=/usr/local/oecore-x86_64/sysroots/x86_64-oesdk-linux/usr/bin/arm-oe-linux-gnueabi --libexecdir=/usr/local/oecore-x86_64/sysroots/x86_64-oesdk-linux/usr/libexec/arm-oe-linux-gnueabi --datadir=/usr/local/oecore-x86_64/sysroots/x86_64-oesdk-linux/usr/share --sysconfdir=/usr/local/oecore-x86_64/sysroots/x86_64-oesdk-linux/etc --sharedstatedir=/usr/local/oecore-x86_64/sysroots/x86_64-oesdk-linux/com --localstatedir=/usr/local/oecore-x86_64/sysroots/x86_64-oesdk-linux/var --libdir=/usr/local/oecore-x86_64/sysroots/x86_64-oesdk-linux/usr/lib/arm-oe-linux-gnueabi --includedir=/usr/local/oecore-x86_64/sysroots/x86_64-oesdk-linux/usr/include --oldincludedir=/usr/local/oecore-x86_64/sysroots/x86_64-oesdk-linux/usr/include --infodir=/usr/local/oecore-x86_64/sysroots/x86_64-oesdk-linux/usr/share/info --mandir=/usr/local/oecore-x86_64/sysroots/x86_64-oesdk-linux/usr/share/man --disable-silent-rules --disable-dependency-tracking --with-libtool-sysroot=/home/p10255/work_view/KT_MDM9607_LA10_WORK/MDM9607_LA10/apps_proc/oe-core/build/tmp-glibc/sysroots/x86_64-nativesdk-oesdk-linux --with-gnu-ld --enable-shared --enable-languages=c,c++ --enable-threads=posix --enable-multilib --enable-c99 --enable-long-long --enable-symvers=gnu --enable-libstdcxx-pch --program-prefix=arm-oe-linux-gnueabi- --without-local-prefix --enable-target-optspace --enable-lto --enable-libssp --disable-bootstrap --disable-libmudflap --with-system-zlib --with-linker-hash-style=gnu --enable-linker-build-id --with-ppl=no --with-cloog=no --enable-checking=release --enable-cheaders=c_global --with-gxx-include-dir=/not/exist/usr/include/c++/4.9.2 --with-build-time-tools=/home/p10255/work_view/KT_MDM9607_LA10_WORK/MDM9607_LA10/apps_proc/oe-core/build/tmp-glibc/sysroots/x86_64-linux/usr/arm-oe-linux-gnueabi/bin --with-sysroot=/not/exist --with-build-sysroot=/home/p10255/work_view/KT_MDM9607_LA10_WORK/MDM9607_LA10/apps_proc/oe-core/build/tmp-glibc/sysroots/mdm9607-perf --enable-poison-system-directories --with-mpfr=/home/p10255/work_view/KT_MDM9607_LA10_WORK/MDM9607_LA10/apps_proc/oe-core/build/tmp-glibc/sysroots/x86_64-nativesdk-oesdk-linux --with-mpc=/home/p10255/work_view/KT_MDM9607_LA10_WORK/MDM9607_LA10/apps_proc/oe-core/build/tmp-glibc/sysroots/x86_64-nativesdk-oesdk-linux --enable-nls
Thread model: posix
gcc version 4.9.2 (GCC) 
COMPILER_PATH=/home/ktw/Documents/tm2sdk-master/sysroots/x86_64-oesdk-linux/usr/bin/arm-oe-linux-gnueabi/../../libexec/arm-oe-linux-gnueabi/gcc/arm-oe-linux-gnueabi/4.9.2/:/home/ktw/Documents/tm2sdk-master/sysroots/x86_64-oesdk-linux/usr/bin/arm-oe-linux-gnueabi/../../libexec/arm-oe-linux-gnueabi/gcc/
LIBRARY_PATH=/home/ktw/Documents/tm2sdk-master/sysroots/x86_64-oesdk-linux/usr/bin/arm-oe-linux-gnueabi/../../lib/arm-oe-linux-gnueabi/gcc/arm-oe-linux-gnueabi/4.9.2/:/home/ktw/Documents/tm2sdk-master/sysroots/x86_64-oesdk-linux/usr/bin/arm-oe-linux-gnueabi/../../lib/arm-oe-linux-gnueabi/gcc/:/home/ktw/Documents/tm2sdk-master/sysroots/armv7a-vfp-neon-oe-linux-gnueabi/lib/:/home/ktw/Documents/tm2sdk-master/sysroots/armv7a-vfp-neon-oe-linux-gnueabi/usr/lib/arm-oe-linux-gnueabi/4.9.2/:/home/ktw/Documents/tm2sdk-master/sysroots/armv7a-vfp-neon-oe-linux-gnueabi/usr/lib/
COLLECT_GCC_OPTIONS='--sysroot=/home/ktw/Documents/tm2sdk-master/sysroots/armv7a-vfp-neon-oe-linux-gnueabi' '-march=armv7-a' '-mfloat-abi=softfp' '-mfpu=neon' '-march=armv7-a' '-mfloat-abi=softfp' '-mfpu=neon' '-v' '-o' 'cmTC_251fb' '-mtls-dialect=gnu'
 /home/ktw/Documents/tm2sdk-master/sysroots/x86_64-oesdk-linux/usr/bin/arm-oe-linux-gnueabi/../../libexec/arm-oe-linux-gnueabi/gcc/arm-oe-linux-gnueabi/4.9.2/collect2 -plugin /home/ktw/Documents/tm2sdk-master/sysroots/x86_64-oesdk-linux/usr/bin/arm-oe-linux-gnueabi/../../libexec/arm-oe-linux-gnueabi/gcc/arm-oe-linux-gnueabi/4.9.2/liblto_plugin.so -plugin-opt=/home/ktw/Documents/tm2sdk-master/sysroots/x86_64-oesdk-linux/usr/bin/arm-oe-linux-gnueabi/../../libexec/arm-oe-linux-gnueabi/gcc/arm-oe-linux-gnueabi/4.9.2/lto-wrapper -plugin-opt=-fresolution=/tmp/ccq1CRb7.res -plugin-opt=-pass-through=-lgcc -plugin-opt=-pass-through=-lgcc_s -plugin-opt=-pass-through=-lc -plugin-opt=-pass-through=-lgcc -plugin-opt=-pass-through=-lgcc_s --sysroot=/home/ktw/Documents/tm2sdk-master/sysroots/armv7a-vfp-neon-oe-linux-gnueabi --build-id --eh-frame-hdr --hash-style=gnu -dynamic-linker /lib/ld-linux.so.3 -X -m armelf_linux_eabi -o cmTC_251fb /home/ktw/Documents/tm2sdk-master/sysroots/armv7a-vfp-neon-oe-linux-gnueabi/usr/lib/crt1.o /home/ktw/Documents/tm2sdk-master/sysroots/armv7a-vfp-neon-oe-linux-gnueabi/usr/lib/crti.o /home/ktw/Documents/tm2sdk-master/sysroots/armv7a-vfp-neon-oe-linux-gnueabi/usr/lib/arm-oe-linux-gnueabi/4.9.2/crtbegin.o -L/home/ktw/Documents/tm2sdk-master/sysroots/x86_64-oesdk-linux/usr/bin/arm-oe-linux-gnueabi/../../lib/arm-oe-linux-gnueabi/gcc/arm-oe-linux-gnueabi/4.9.2 -L/home/ktw/Documents/tm2sdk-master/sysroots/x86_64-oesdk-linux/usr/bin/arm-oe-linux-gnueabi/../../lib/arm-oe-linux-gnueabi/gcc -L/home/ktw/Documents/tm2sdk-master/sysroots/armv7a-vfp-neon-oe-linux-gnueabi/lib -L/home/ktw/Documents/tm2sdk-master/sysroots/armv7a-vfp-neon-oe-linux-gnueabi/usr/lib/arm-oe-linux-gnueabi/4.9.2 -L/home/ktw/Documents/tm2sdk-master/sysroots/armv7a-vfp-neon-oe-linux-gnueabi/usr/lib CMakeFiles/cmTC_251fb.dir/CMakeCCompilerABI.c.o -lMagicCrypto -lmc -ldl -lpthread -lz -lrt -lgcc --as-needed -lgcc_s --no-as-needed -lc -lgcc --as-needed -lgcc_s --no-as-needed /home/ktw/Documents/tm2sdk-master/sysroots/armv7a-vfp-neon-oe-linux-gnueabi/usr/lib/arm-oe-linux-gnueabi/4.9.2/crtend.o /home/ktw/Documents/tm2sdk-master/sysroots/armv7a-vfp-neon-oe-linux-gnueabi/usr/lib/crtn.o
make[1]: Leaving directory '/home/ktw/Documents/GitHub/paho.mqtt.c/build-cross/CMakeFiles/CMakeTmp'



Parsed C implicit include dir info from above output: rv=done
  found start of include info
  found start of implicit include info
    add: [/home/ktw/Documents/tm2sdk-master/sysroots/x86_64-oesdk-linux/usr/bin/arm-oe-linux-gnueabi/../../lib/arm-oe-linux-gnueabi/gcc/arm-oe-linux-gnueabi/4.9.2/include]
    add: [/home/ktw/Documents/tm2sdk-master/sysroots/x86_64-oesdk-linux/usr/bin/arm-oe-linux-gnueabi/../../lib/arm-oe-linux-gnueabi/gcc/arm-oe-linux-gnueabi/4.9.2/include-fixed]
    add: [/home/ktw/Documents/tm2sdk-master/sysroots/armv7a-vfp-neon-oe-linux-gnueabi/usr/include]
  end of search list found
  collapse include dir [/home/ktw/Documents/tm2sdk-master/sysroots/x86_64-oesdk-linux/usr/bin/arm-oe-linux-gnueabi/../../lib/arm-oe-linux-gnueabi/gcc/arm-oe-linux-gnueabi/4.9.2/include] ==> [/home/ktw/Documents/tm2sdk-master/sysroots/x86_64-oesdk-linux/usr/lib/arm-oe-linux-gnueabi/gcc/arm-oe-linux-gnueabi/4.9.2/include]
  collapse include dir [/home/ktw/Documents/tm2sdk-master/sysroots/x86_64-oesdk-linux/usr/bin/arm-oe-linux-gnueabi/../../lib/arm-oe-linux-gnueabi/gcc/arm-oe-linux-gnueabi/4.9.2/include-fixed] ==> [/home/ktw/Documents/tm2sdk-master/sysroots/x86_64-oesdk-linux/usr/lib/arm-oe-linux-gnueabi/gcc/arm-oe-linux-gnueabi/4.9.2/include-fixed]
  collapse include dir [/home/ktw/Documents/tm2sdk-master/sysroots/armv7a-vfp-neon-oe-linux-gnueabi/usr/include] ==> [/home/ktw/Documents/tm2sdk-master/sysroots/armv7a-vfp-neon-oe-linux-gnueabi/usr/include]
  implicit include dirs: [/home/ktw/Documents/tm2sdk-master/sysroots/x86_64-oesdk-linux/usr/lib/arm-oe-linux-gnueabi/gcc/arm-oe-linux-gnueabi/4.9.2/include;/home/ktw/Documents/tm2sdk-master/sysroots/x86_64-oesdk-linux/usr/lib/arm-oe-linux-gnueabi/gcc/arm-oe-linux-gnueabi/4.9.2/include-fixed;/home/ktw/Documents/tm2sdk-master/sysroots/armv7a-vfp-neon-oe-linux-gnueabi/usr/include]


Parsed C implicit link information from above output:
  link line regex: [^( *|.*[/\])(arm-oe-linux-gnueabi-ld|CMAKE_LINK_STARTFILE-NOTFOUND|([^/\]+-)?ld|collect2)[^/\]*( |$)]
  ignore line: [Change Dir: /home/ktw/Documents/GitHub/paho.mqtt.c/build-cross/CMakeFiles/CMakeTmp]
  ignore line: []
  ignore line: [Run Build Command(s):/usr/bin/make cmTC_251fb/fast && /usr/bin/make -f CMakeFiles/cmTC_251fb.dir/build.make CMakeFiles/cmTC_251fb.dir/build]
  ignore line: [make[1]: Entering directory '/home/ktw/Documents/GitHub/paho.mqtt.c/build-cross/CMakeFiles/CMakeTmp']
  ignore line: [Building C object CMakeFiles/cmTC_251fb.dir/CMakeCCompilerABI.c.o]
  ignore line: [/home/ktw/Documents/tm2sdk-master/sysroots/x86_64-oesdk-linux/usr/bin/arm-oe-linux-gnueabi/arm-oe-linux-gnueabi-gcc --sysroot=/home/ktw/Documents/tm2sdk-master/sysroots/armv7a-vfp-neon-oe-linux-gnueabi   -march=armv7-a -mfloat-abi=softfp -mfpu=neon --sysroot=/home/ktw/Documents/tm2sdk-master/sysroots/armv7a-vfp-neon-oe-linux-gnueabi --sysroot=/home/ktw/Documents/tm2sdk-master/sysroots/armv7a-vfp-neon-oe-linux-gnueabi   -march=armv7-a -mfloat-abi=softfp -mfpu=neon --sysroot=/home/ktw/Documents/tm2sdk-master/sysroots/armv7a-vfp-neon-oe-linux-gnueabi --sysroot=/home/ktw/Documents/tm2sdk-master/sysroots/armv7a-vfp-neon-oe-linux-gnueabi    -v -o CMakeFiles/cmTC_251fb.dir/CMakeCCompilerABI.c.o   -c /usr/share/cmake-3.16/Modules/CMakeCCompilerABI.c]
  ignore line: [Using built-in specs.]
  ignore line: [COLLECT_GCC=/home/ktw/Documents/tm2sdk-master/sysroots/x86_64-oesdk-linux/usr/bin/arm-oe-linux-gnueabi/arm-oe-linux-gnueabi-gcc]
  ignore line: [Target: arm-oe-linux-gnueabi]
  ignore line: [Configured with: /home/p10255/work_view/KT_MDM9607_LA10_WORK/MDM9607_LA10/apps_proc/oe-core/build/tmp-glibc/work-shared/gcc-4.9.2-r0/gcc-4.9.2/configure --build=x86_64-linux --host=x86_64-oesdk-linux --target=arm-oe-linux-gnueabi --prefix=/usr/local/oecore-x86_64/sysroots/x86_64-oesdk-linux/usr --exec_prefix=/usr/local/oecore-x86_64/sysroots/x86_64-oesdk-linux/usr --bindir=/usr/local/oecore-x86_64/sysroots/x86_64-oesdk-linux/usr/bin/arm-oe-linux-gnueabi --sbindir=/usr/local/oecore-x86_64/sysroots/x86_64-oesdk-linux/usr/bin/arm-oe-linux-gnueabi --libexecdir=/usr/local/oecore-x86_64/sysroots/x86_64-oesdk-linux/usr/libexec/arm-oe-linux-gnueabi --datadir=/usr/local/oecore-x86_64/sysroots/x86_64-oesdk-linux/usr/share --sysconfdir=/usr/local/oecore-x86_64/sysroots/x86_64-oesdk-linux/etc --sharedstatedir=/usr/local/oecore-x86_64/sysroots/x86_64-oesdk-linux/com --localstatedir=/usr/local/oecore-x86_64/sysroots/x86_64-oesdk-linux/var --libdir=/usr/local/oecore-x86_64/sysroots/x86_64-oesdk-linux/usr/lib/arm-oe-linux-gnueabi --includedir=/usr/local/oecore-x86_64/sysroots/x86_64-oesdk-linux/usr/include --oldincludedir=/usr/local/oecore-x86_64/sysroots/x86_64-oesdk-linux/usr/include --infodir=/usr/local/oecore-x86_64/sysroots/x86_64-oesdk-linux/usr/share/info --mandir=/usr/local/oecore-x86_64/sysroots/x86_64-oesdk-linux/usr/share/man --disable-silent-rules --disable-dependency-tracking --with-libtool-sysroot=/home/p10255/work_view/KT_MDM9607_LA10_WORK/MDM9607_LA10/apps_proc/oe-core/build/tmp-glibc/sysroots/x86_64-nativesdk-oesdk-linux --with-gnu-ld --enable-shared --enable-languages=c,c++ --enable-threads=posix --enable-multilib --enable-c99 --enable-long-long --enable-symvers=gnu --enable-libstdcxx-pch --program-prefix=arm-oe-linux-gnueabi- --without-local-prefix --enable-target-optspace --enable-lto --enable-libssp --disable-bootstrap --disable-libmudflap --with-system-zlib --with-linker-hash-style=gnu --enable-linker-build-id --with-ppl=no --with-cloog=no --enable-checking=release --enable-cheaders=c_global --with-gxx-include-dir=/not/exist/usr/include/c++/4.9.2 --with-build-time-tools=/home/p10255/work_view/KT_MDM9607_LA10_WORK/MDM9607_LA10/apps_proc/oe-core/build/tmp-glibc/sysroots/x86_64-linux/usr/arm-oe-linux-gnueabi/bin --with-sysroot=/not/exist --with-build-sysroot=/home/p10255/work_view/KT_MDM9607_LA10_WORK/MDM9607_LA10/apps_proc/oe-core/build/tmp-glibc/sysroots/mdm9607-perf --enable-poison-system-directories --with-mpfr=/home/p10255/work_view/KT_MDM9607_LA10_WORK/MDM9607_LA10/apps_proc/oe-core/build/tmp-glibc/sysroots/x86_64-nativesdk-oesdk-linux --with-mpc=/home/p10255/work_view/KT_MDM9607_LA10_WORK/MDM9607_LA10/apps_proc/oe-core/build/tmp-glibc/sysroots/x86_64-nativesdk-oesdk-linux --enable-nls]
  ignore line: [Thread model: posix]
  ignore line: [gcc version 4.9.2 (GCC) ]
  ignore line: [COLLECT_GCC_OPTIONS='--sysroot=/home/ktw/Documents/tm2sdk-master/sysroots/armv7a-vfp-neon-oe-linux-gnueabi' '-march=armv7-a' '-mfloat-abi=softfp' '-mfpu=neon' '-march=armv7-a' '-mfloat-abi=softfp' '-mfpu=neon' '-v' '-o' 'CMakeFiles/cmTC_251fb.dir/CMakeCCompilerABI.c.o' '-c' '-mtls-dialect=gnu']
  ignore line: [ /home/ktw/Documents/tm2sdk-master/sysroots/x86_64-oesdk-linux/usr/bin/arm-oe-linux-gnueabi/../../libexec/arm-oe-linux-gnueabi/gcc/arm-oe-linux-gnueabi/4.9.2/cc1 -quiet -v -iprefix /home/ktw/Documents/tm2sdk-master/sysroots/x86_64-oesdk-linux/usr/bin/arm-oe-linux-gnueabi/../../lib/arm-oe-linux-gnueabi/gcc/arm-oe-linux-gnueabi/4.9.2/ -isysroot /home/ktw/Documents/tm2sdk-master/sysroots/armv7a-vfp-neon-oe-linux-gnueabi /usr/share/cmake-3.16/Modules/CMakeCCompilerABI.c -quiet -dumpbase CMakeCCompilerABI.c -march=armv7-a -mfloat-abi=softfp -mfpu=neon -march=armv7-a -mfloat-abi=softfp -mfpu=neon -mtls-dialect=gnu -auxbase-strip CMakeFiles/cmTC_251fb.dir/CMakeCCompilerABI.c.o -version -o /tmp/ccxOsFb2.s]
  ignore line: [GNU C (GCC) version 4.9.2 (arm-oe-linux-gnueabi)]
  ignore line: [	compiled by GNU C version 4.9.2  GMP version 6.0.0  MPFR version 3.1.2  MPC version 1.0.2]
  ignore line: [GGC heuristics: --param ggc-min-expand=100 --param ggc-min-heapsize=131072]
  ignore line: [ignoring nonexistent directory "/home/ktw/Documents/tm2sdk-master/sysroots/x86_64-oesdk-linux/usr/bin/arm-oe-linux-gnueabi/../../lib/arm-oe-linux-gnueabi/gcc/arm-oe-linux-gnueabi/4.9.2/../../../../../arm-oe-linux-gnueabi/include"]
  ignore line: [ignoring duplicate directory "/home/ktw/Documents/tm2sdk-master/sysroots/x86_64-oesdk-linux/usr/bin/arm-oe-linux-gnueabi/../../lib/arm-oe-linux-gnueabi/gcc/../../../lib/arm-oe-linux-gnueabi/gcc/arm-oe-linux-gnueabi/4.9.2/include"]
  ignore line: [ignoring nonexistent directory "/home/ktw/Documents/tm2sdk-master/sysroots/armv7a-vfp-neon-oe-linux-gnueabi/usr/lib/gcc/arm-oe-linux-gnueabi/4.9.2/include"]
  ignore line: [ignoring nonexistent directory "/home/ktw/Documents/tm2sdk-master/sysroots/armv7a-vfp-neon-oe-linux-gnueabi/usr/local/include"]
  ignore line: [ignoring duplicate directory "/home/ktw/Documents/tm2sdk-master/sysroots/x86_64-oesdk-linux/usr/bin/arm-oe-linux-gnueabi/../../lib/arm-oe-linux-gnueabi/gcc/../../../lib/arm-oe-linux-gnueabi/gcc/arm-oe-linux-gnueabi/4.9.2/include-fixed"]
  ignore line: [ignoring nonexistent directory "/home/ktw/Documents/tm2sdk-master/sysroots/x86_64-oesdk-linux/usr/bin/arm-oe-linux-gnueabi/../../lib/arm-oe-linux-gnueabi/gcc/../../../lib/arm-oe-linux-gnueabi/gcc/arm-oe-linux-gnueabi/4.9.2/../../../../../arm-oe-linux-gnueabi/include"]
  ignore line: [#include "..." search starts here:]
  ignore line: [#include <...> search starts here:]
  ignore line: [ /home/ktw/Documents/tm2sdk-master/sysroots/x86_64-oesdk-linux/usr/bin/arm-oe-linux-gnueabi/../../lib/arm-oe-linux-gnueabi/gcc/arm-oe-linux-gnueabi/4.9.2/include]
  ignore line: [ /home/ktw/Documents/tm2sdk-master/sysroots/x86_64-oesdk-linux/usr/bin/arm-oe-linux-gnueabi/../../lib/arm-oe-linux-gnueabi/gcc/arm-oe-linux-gnueabi/4.9.2/include-fixed]
  ignore line: [ /home/ktw/Documents/tm2sdk-master/sysroots/armv7a-vfp-neon-oe-linux-gnueabi/usr/include]
  ignore line: [End of search list.]
  ignore line: [GNU C (GCC) version 4.9.2 (arm-oe-linux-gnueabi)]
  ignore line: [	compiled by GNU C version 4.9.2  GMP version 6.0.0  MPFR version 3.1.2  MPC version 1.0.2]
  ignore line: [GGC heuristics: --param ggc-min-expand=100 --param ggc-min-heapsize=131072]
  ignore line: [Compiler executable checksum: 29342c625d7bcbdcfe72918d055d493f]
  ignore line: [COLLECT_GCC_OPTIONS='--sysroot=/home/ktw/Documents/tm2sdk-master/sysroots/armv7a-vfp-neon-oe-linux-gnueabi' '-march=armv7-a' '-mfloat-abi=softfp' '-mfpu=neon' '-march=armv7-a' '-mfloat-abi=softfp' '-mfpu=neon' '-v' '-o' 'CMakeFiles/cmTC_251fb.dir/CMakeCCompilerABI.c.o' '-c' '-mtls-dialect=gnu']
  ignore line: [ /home/ktw/Documents/tm2sdk-master/sysroots/x86_64-oesdk-linux/usr/bin/arm-oe-linux-gnueabi/../../libexec/arm-oe-linux-gnueabi/gcc/arm-oe-linux-gnueabi/4.9.2/as -v -march=armv7-a -march=armv7-a -mfloat-abi=softfp -mfloat-abi=softfp -mfpu=neon -mfpu=neon -meabi=5 -o CMakeFiles/cmTC_251fb.dir/CMakeCCompilerABI.c.o /tmp/ccxOsFb2.s]
  ignore line: [GNU assembler version 2.24 (arm-oe-linux-gnueabi) using BFD version (GNU Binutils) 2.24]
  ignore line: [COMPILER_PATH=/home/ktw/Documents/tm2sdk-master/sysroots/x86_64-oesdk-linux/usr/bin/arm-oe-linux-gnueabi/../../libexec/arm-oe-linux-gnueabi/gcc/arm-oe-linux-gnueabi/4.9.2/:/home/ktw/Documents/tm2sdk-master/sysroots/x86_64-oesdk-linux/usr/bin/arm-oe-linux-gnueabi/../../libexec/arm-oe-linux-gnueabi/gcc/]
  ignore line: [LIBRARY_PATH=/home/ktw/Documents/tm2sdk-master/sysroots/x86_64-oesdk-linux/usr/bin/arm-oe-linux-gnueabi/../../lib/arm-oe-linux-gnueabi/gcc/arm-oe-linux-gnueabi/4.9.2/:/home/ktw/Documents/tm2sdk-master/sysroots/x86_64-oesdk-linux/usr/bin/arm-oe-linux-gnueabi/../../lib/arm-oe-linux-gnueabi/gcc/:/home/ktw/Documents/tm2sdk-master/sysroots/armv7a-vfp-neon-oe-linux-gnueabi/lib/:/home/ktw/Documents/tm2sdk-master/sysroots/armv7a-vfp-neon-oe-linux-gnueabi/usr/lib/arm-oe-linux-gnueabi/4.9.2/:/home/ktw/Documents/tm2sdk-master/sysroots/armv7a-vfp-neon-oe-linux-gnueabi/usr/lib/]
  ignore line: [COLLECT_GCC_OPTIONS='--sysroot=/home/ktw/Documents/tm2sdk-master/sysroots/armv7a-vfp-neon-oe-linux-gnueabi' '-march=armv7-a' '-mfloat-abi=softfp' '-mfpu=neon' '-march=armv7-a' '-mfloat-abi=softfp' '-mfpu=neon' '-v' '-o' 'CMakeFiles/cmTC_251fb.dir/CMakeCCompilerABI.c.o' '-c' '-mtls-dialect=gnu']
  ignore line: [Linking C executable cmTC_251fb]
  ignore line: [/usr/bin/cmake -E cmake_link_script CMakeFiles/cmTC_251fb.dir/link.txt --verbose=1]
  ignore line: [/home/ktw/Documents/tm2sdk-master/sysroots/x86_64-oesdk-linux/usr/bin/arm-oe-linux-gnueabi/arm-oe-linux-gnueabi-gcc --sysroot=/home/ktw/Documents/tm2sdk-master/sysroots/armv7a-vfp-neon-oe-linux-gnueabi    -march=armv7-a -mfloat-abi=softfp -mfpu=neon --sysroot=/home/ktw/Documents/tm2sdk-master/sysroots/armv7a-vfp-neon-oe-linux-gnueabi --sysroot=/home/ktw/Documents/tm2sdk-master/sysroots/armv7a-vfp-neon-oe-linux-gnueabi   -march=armv7-a -mfloat-abi=softfp -mfpu=neon --sysroot=/home/ktw/Documents/tm2sdk-master/sysroots/armv7a-vfp-neon-oe-linux-gnueabi --sysroot=/home/ktw/Documents/tm2sdk-master/sysroots/armv7a-vfp-neon-oe-linux-gnueabi    --sysroot=/home/ktw/Documents/tm2sdk-master/sysroots/armv7a-vfp-neon-oe-linux-gnueabi --sysroot=/home/ktw/Documents/tm2sdk-master/sysroots/armv7a-vfp-neon-oe-linux-gnueabi -v CMakeFiles/cmTC_251fb.dir/CMakeCCompilerABI.c.o  -o cmTC_251fb   -lMagicCrypto -lmc -ldl -lpthread -lz -lrt ]
  ignore line: [Using built-in specs.]
  ignore line: [COLLECT_GCC=/home/ktw/Documents/tm2sdk-master/sysroots/x86_64-oesdk-linux/usr/bin/arm-oe-linux-gnueabi/arm-oe-linux-gnueabi-gcc]
  ignore line: [COLLECT_LTO_WRAPPER=/home/ktw/Documents/tm2sdk-master/sysroots/x86_64-oesdk-linux/usr/bin/arm-oe-linux-gnueabi/../../libexec/arm-oe-linux-gnueabi/gcc/arm-oe-linux-gnueabi/4.9.2/lto-wrapper]
  ignore line: [Target: arm-oe-linux-gnueabi]
  ignore line: [Configured with: /home/p10255/work_view/KT_MDM9607_LA10_WORK/MDM9607_LA10/apps_proc/oe-core/build/tmp-glibc/work-shared/gcc-4.9.2-r0/gcc-4.9.2/configure --build=x86_64-linux --host=x86_64-oesdk-linux --target=arm-oe-linux-gnueabi --prefix=/usr/local/oecore-x86_64/sysroots/x86_64-oesdk-linux/usr --exec_prefix=/usr/local/oecore-x86_64/sysroots/x86_64-oesdk-linux/usr --bindir=/usr/local/oecore-x86_64/sysroots/x86_64-oesdk-linux/usr/bin/arm-oe-linux-gnueabi --sbindir=/usr/local/oecore-x86_64/sysroots/x86_64-oesdk-linux/usr/bin/arm-oe-linux-gnueabi --libexecdir=/usr/local/oecore-x86_64/sysroots/x86_64-oesdk-linux/usr/libexec/arm-oe-linux-gnueabi --datadir=/usr/local/oecore-x86_64/sysroots/x86_64-oesdk-linux/usr/share --sysconfdir=/usr/local/oecore-x86_64/sysroots/x86_64-oesdk-linux/etc --sharedstatedir=/usr/local/oecore-x86_64/sysroots/x86_64-oesdk-linux/com --localstatedir=/usr/local/oecore-x86_64/sysroots/x86_64-oesdk-linux/var --libdir=/usr/local/oecore-x86_64/sysroots/x86_64-oesdk-linux/usr/lib/arm-oe-linux-gnueabi --includedir=/usr/local/oecore-x86_64/sysroots/x86_64-oesdk-linux/usr/include --oldincludedir=/usr/local/oecore-x86_64/sysroots/x86_64-oesdk-linux/usr/include --infodir=/usr/local/oecore-x86_64/sysroots/x86_64-oesdk-linux/usr/share/info --mandir=/usr/local/oecore-x86_64/sysroots/x86_64-oesdk-linux/usr/share/man --disable-silent-rules --disable-dependency-tracking --with-libtool-sysroot=/home/p10255/work_view/KT_MDM9607_LA10_WORK/MDM9607_LA10/apps_proc/oe-core/build/tmp-glibc/sysroots/x86_64-nativesdk-oesdk-linux --with-gnu-ld --enable-shared --enable-languages=c,c++ --enable-threads=posix --enable-multilib --enable-c99 --enable-long-long --enable-symvers=gnu --enable-libstdcxx-pch --program-prefix=arm-oe-linux-gnueabi- --without-local-prefix --enable-target-optspace --enable-lto --enable-libssp --disable-bootstrap --disable-libmudflap --with-system-zlib --with-linker-hash-style=gnu --enable-linker-build-id --with-ppl=no --with-cloog=no --enable-checking=release --enable-cheaders=c_global --with-gxx-include-dir=/not/exist/usr/include/c++/4.9.2 --with-build-time-tools=/home/p10255/work_view/KT_MDM9607_LA10_WORK/MDM9607_LA10/apps_proc/oe-core/build/tmp-glibc/sysroots/x86_64-linux/usr/arm-oe-linux-gnueabi/bin --with-sysroot=/not/exist --with-build-sysroot=/home/p10255/work_view/KT_MDM9607_LA10_WORK/MDM9607_LA10/apps_proc/oe-core/build/tmp-glibc/sysroots/mdm9607-perf --enable-poison-system-directories --with-mpfr=/home/p10255/work_view/KT_MDM9607_LA10_WORK/MDM9607_LA10/apps_proc/oe-core/build/tmp-glibc/sysroots/x86_64-nativesdk-oesdk-linux --with-mpc=/home/p10255/work_view/KT_MDM9607_LA10_WORK/MDM9607_LA10/apps_proc/oe-core/build/tmp-glibc/sysroots/x86_64-nativesdk-oesdk-linux --enable-nls]
  ignore line: [Thread model: posix]
  ignore line: [gcc version 4.9.2 (GCC) ]
  ignore line: [COMPILER_PATH=/home/ktw/Documents/tm2sdk-master/sysroots/x86_64-oesdk-linux/usr/bin/arm-oe-linux-gnueabi/../../libexec/arm-oe-linux-gnueabi/gcc/arm-oe-linux-gnueabi/4.9.2/:/home/ktw/Documents/tm2sdk-master/sysroots/x86_64-oesdk-linux/usr/bin/arm-oe-linux-gnueabi/../../libexec/arm-oe-linux-gnueabi/gcc/]
  ignore line: [LIBRARY_PATH=/home/ktw/Documents/tm2sdk-master/sysroots/x86_64-oesdk-linux/usr/bin/arm-oe-linux-gnueabi/../../lib/arm-oe-linux-gnueabi/gcc/arm-oe-linux-gnueabi/4.9.2/:/home/ktw/Documents/tm2sdk-master/sysroots/x86_64-oesdk-linux/usr/bin/arm-oe-linux-gnueabi/../../lib/arm-oe-linux-gnueabi/gcc/:/home/ktw/Documents/tm2sdk-master/sysroots/armv7a-vfp-neon-oe-linux-gnueabi/lib/:/home/ktw/Documents/tm2sdk-master/sysroots/armv7a-vfp-neon-oe-linux-gnueabi/usr/lib/arm-oe-linux-gnueabi/4.9.2/:/home/ktw/Documents/tm2sdk-master/sysroots/armv7a-vfp-neon-oe-linux-gnueabi/usr/lib/]
  ignore line: [COLLECT_GCC_OPTIONS='--sysroot=/home/ktw/Documents/tm2sdk-master/sysroots/armv7a-vfp-neon-oe-linux-gnueabi' '-march=armv7-a' '-mfloat-abi=softfp' '-mfpu=neon' '-march=armv7-a' '-mfloat-abi=softfp' '-mfpu=neon' '-v' '-o' 'cmTC_251fb' '-mtls-dialect=gnu']
  link line: [ /home/ktw/Documents/tm2sdk-master/sysroots/x86_64-oesdk-linux/usr/bin/arm-oe-linux-gnueabi/../../libexec/arm-oe-linux-gnueabi/gcc/arm-oe-linux-gnueabi/4.9.2/collect2 -plugin /home/ktw/Documents/tm2sdk-master/sysroots/x86_64-oesdk-linux/usr/bin/arm-oe-linux-gnueabi/../../libexec/arm-oe-linux-gnueabi/gcc/arm-oe-linux-gnueabi/4.9.2/liblto_plugin.so -plugin-opt=/home/ktw/Documents/tm2sdk-master/sysroots/x86_64-oesdk-linux/usr/bin/arm-oe-linux-gnueabi/../../libexec/arm-oe-linux-gnueabi/gcc/arm-oe-linux-gnueabi/4.9.2/lto-wrapper -plugin-opt=-fresolution=/tmp/ccq1CRb7.res -plugin-opt=-pass-through=-lgcc -plugin-opt=-pass-through=-lgcc_s -plugin-opt=-pass-through=-lc -plugin-opt=-pass-through=-lgcc -plugin-opt=-pass-through=-lgcc_s --sysroot=/home/ktw/Documents/tm2sdk-master/sysroots/armv7a-vfp-neon-oe-linux-gnueabi --build-id --eh-frame-hdr --hash-style=gnu -dynamic-linker /lib/ld-linux.so.3 -X -m armelf_linux_eabi -o cmTC_251fb /home/ktw/Documents/tm2sdk-master/sysroots/armv7a-vfp-neon-oe-linux-gnueabi/usr/lib/crt1.o /home/ktw/Documents/tm2sdk-master/sysroots/armv7a-vfp-neon-oe-linux-gnueabi/usr/lib/crti.o /home/ktw/Documents/tm2sdk-master/sysroots/armv7a-vfp-neon-oe-linux-gnueabi/usr/lib/arm-oe-linux-gnueabi/4.9.2/crtbegin.o -L/home/ktw/Documents/tm2sdk-master/sysroots/x86_64-oesdk-linux/usr/bin/arm-oe-linux-gnueabi/../../lib/arm-oe-linux-gnueabi/gcc/arm-oe-linux-gnueabi/4.9.2 -L/home/ktw/Documents/tm2sdk-master/sysroots/x86_64-oesdk-linux/usr/bin/arm-oe-linux-gnueabi/../../lib/arm-oe-linux-gnueabi/gcc -L/home/ktw/Documents/tm2sdk-master/sysroots/armv7a-vfp-neon-oe-linux-gnueabi/lib -L/home/ktw/Documents/tm2sdk-master/sysroots/armv7a-vfp-neon-oe-linux-gnueabi/usr/lib/arm-oe-linux-gnueabi/4.9.2 -L/home/ktw/Documents/tm2sdk-master/sysroots/armv7a-vfp-neon-oe-linux-gnueabi/usr/lib CMakeFiles/cmTC_251fb.dir/CMakeCCompilerABI.c.o -lMagicCrypto -lmc -ldl -lpthread -lz -lrt -lgcc --as-needed -lgcc_s --no-as-needed -lc -lgcc --as-needed -lgcc_s --no-as-needed /home/ktw/Documents/tm2sdk-master/sysroots/armv7a-vfp-neon-oe-linux-gnueabi/usr/lib/arm-oe-linux-gnueabi/4.9.2/crtend.o /home/ktw/Documents/tm2sdk-master/sysroots/armv7a-vfp-neon-oe-linux-gnueabi/usr/lib/crtn.o]
    arg [/home/ktw/Documents/tm2sdk-master/sysroots/x86_64-oesdk-linux/usr/bin/arm-oe-linux-gnueabi/../../libexec/arm-oe-linux-gnueabi/gcc/arm-oe-linux-gnueabi/4.9.2/collect2] ==> ignore
    arg [-plugin] ==> ignore
    arg [/home/ktw/Documents/tm2sdk-master/sysroots/x86_64-oesdk-linux/usr/bin/arm-oe-linux-gnueabi/../../libexec/arm-oe-linux-gnueabi/gcc/arm-oe-linux-gnueabi/4.9.2/liblto_plugin.so] ==> ignore
    arg [-plugin-opt=/home/ktw/Documents/tm2sdk-master/sysroots/x86_64-oesdk-linux/usr/bin/arm-oe-linux-gnueabi/../../libexec/arm-oe-linux-gnueabi/gcc/arm-oe-linux-gnueabi/4.9.2/lto-wrapper] ==> ignore
    arg [-plugin-opt=-fresolution=/tmp/ccq1CRb7.res] ==> ignore
    arg [-plugin-opt=-pass-through=-lgcc] ==> ignore
    arg [-plugin-opt=-pass-through=-lgcc_s] ==> ignore
    arg [-plugin-opt=-pass-through=-lc] ==> ignore
    arg [-plugin-opt=-pass-through=-lgcc] ==> ignore
    arg [-plugin-opt=-pass-through=-lgcc_s] ==> ignore
    arg [--sysroot=/home/ktw/Documents/tm2sdk-master/sysroots/armv7a-vfp-neon-oe-linux-gnueabi] ==> ignore
    arg [--build-id] ==> ignore
    arg [--eh-frame-hdr] ==> ignore
    arg [--hash-style=gnu] ==> ignore
    arg [-dynamic-linker] ==> ignore
    arg [/lib/ld-linux.so.3] ==> ignore
    arg [-X] ==> ignore
    arg [-m] ==> ignore
    arg [armelf_linux_eabi] ==> ignore
    arg [-o] ==> ignore
    arg [cmTC_251fb] ==> ignore
    arg [/home/ktw/Documents/tm2sdk-master/sysroots/armv7a-vfp-neon-oe-linux-gnueabi/usr/lib/crt1.o] ==> ignore
    arg [/home/ktw/Documents/tm2sdk-master/sysroots/armv7a-vfp-neon-oe-linux-gnueabi/usr/lib/crti.o] ==> ignore
    arg [/home/ktw/Documents/tm2sdk-master/sysroots/armv7a-vfp-neon-oe-linux-gnueabi/usr/lib/arm-oe-linux-gnueabi/4.9.2/crtbegin.o] ==> ignore
    arg [-L/home/ktw/Documents/tm2sdk-master/sysroots/x86_64-oesdk-linux/usr/bin/arm-oe-linux-gnueabi/../../lib/arm-oe-linux-gnueabi/gcc/arm-oe-linux-gnueabi/4.9.2] ==> dir [/home/ktw/Documents/tm2sdk-master/sysroots/x86_64-oesdk-linux/usr/bin/arm-oe-linux-gnueabi/../../lib/arm-oe-linux-gnueabi/gcc/arm-oe-linux-gnueabi/4.9.2]
    arg [-L/home/ktw/Documents/tm2sdk-master/sysroots/x86_64-oesdk-linux/usr/bin/arm-oe-linux-gnueabi/../../lib/arm-oe-linux-gnueabi/gcc] ==> dir [/home/ktw/Documents/tm2sdk-master/sysroots/x86_64-oesdk-linux/usr/bin/arm-oe-linux-gnueabi/../../lib/arm-oe-linux-gnueabi/gcc]
    arg [-L/home/ktw/Documents/tm2sdk-master/sysroots/armv7a-vfp-neon-oe-linux-gnueabi/lib] ==> dir [/home/ktw/Documents/tm2sdk-master/sysroots/armv7a-vfp-neon-oe-linux-gnueabi/lib]
    arg [-L/home/ktw/Documents/tm2sdk-master/sysroots/armv7a-vfp-neon-oe-linux-gnueabi/usr/lib/arm-oe-linux-gnueabi/4.9.2] ==> dir [/home/ktw/Documents/tm2sdk-master/sysroots/armv7a-vfp-neon-oe-linux-gnueabi/usr/lib/arm-oe-linux-gnueabi/4.9.2]
    arg [-L/home/ktw/Documents/tm2sdk-master/sysroots/armv7a-vfp-neon-oe-linux-gnueabi/usr/lib] ==> dir [/home/ktw/Documents/tm2sdk-master/sysroots/armv7a-vfp-neon-oe-linux-gnueabi/usr/lib]
    arg [CMakeFiles/cmTC_251fb.dir/CMakeCCompilerABI.c.o] ==> ignore
    arg [-lMagicCrypto] ==> lib [MagicCrypto]
    arg [-lmc] ==> lib [mc]
    arg [-ldl] ==> lib [dl]
    arg [-lpthread] ==> lib [pthread]
    arg [-lz] ==> lib [z]
    arg [-lrt] ==> lib [rt]
    arg [-lgcc] ==> lib [gcc]
    arg [--as-needed] ==> ignore
    arg [-lgcc_s] ==> lib [gcc_s]
    arg [--no-as-needed] ==> ignore
    arg [-lc] ==> lib [c]
    arg [-lgcc] ==> lib [gcc]
    arg [--as-needed] ==> ignore
    arg [-lgcc_s] ==> lib [gcc_s]
    arg [--no-as-needed] ==> ignore
    arg [/home/ktw/Documents/tm2sdk-master/sysroots/armv7a-vfp-neon-oe-linux-gnueabi/usr/lib/arm-oe-linux-gnueabi/4.9.2/crtend.o] ==> ignore
    arg [/home/ktw/Documents/tm2sdk-master/sysroots/armv7a-vfp-neon-oe-linux-gnueabi/usr/lib/crtn.o] ==> ignore
  collapse library dir [/home/ktw/Documents/tm2sdk-master/sysroots/x86_64-oesdk-linux/usr/bin/arm-oe-linux-gnueabi/../../lib/arm-oe-linux-gnueabi/gcc/arm-oe-linux-gnueabi/4.9.2] ==> [/home/ktw/Documents/tm2sdk-master/sysroots/x86_64-oesdk-linux/usr/lib/arm-oe-linux-gnueabi/gcc/arm-oe-linux-gnueabi/4.9.2]
  collapse library dir [/home/ktw/Documents/tm2sdk-master/sysroots/x86_64-oesdk-linux/usr/bin/arm-oe-linux-gnueabi/../../lib/arm-oe-linux-gnueabi/gcc] ==> [/home/ktw/Documents/tm2sdk-master/sysroots/x86_64-oesdk-linux/usr/lib/arm-oe-linux-gnueabi/gcc]
  collapse library dir [/home/ktw/Documents/tm2sdk-master/sysroots/armv7a-vfp-neon-oe-linux-gnueabi/lib] ==> [/home/ktw/Documents/tm2sdk-master/sysroots/armv7a-vfp-neon-oe-linux-gnueabi/lib]
  collapse library dir [/home/ktw/Documents/tm2sdk-master/sysroots/armv7a-vfp-neon-oe-linux-gnueabi/usr/lib/arm-oe-linux-gnueabi/4.9.2] ==> [/home/ktw/Documents/tm2sdk-master/sysroots/armv7a-vfp-neon-oe-linux-gnueabi/usr/lib/arm-oe-linux-gnueabi/4.9.2]
  collapse library dir [/home/ktw/Documents/tm2sdk-master/sysroots/armv7a-vfp-neon-oe-linux-gnueabi/usr/lib] ==> [/home/ktw/Documents/tm2sdk-master/sysroots/armv7a-vfp-neon-oe-linux-gnueabi/usr/lib]
  implicit libs: [MagicCrypto;mc;dl;pthread;z;rt;gcc;gcc_s;c;gcc;gcc_s]
  implicit dirs: [/home/ktw/Documents/tm2sdk-master/sysroots/x86_64-oesdk-linux/usr/lib/arm-oe-linux-gnueabi/gcc/arm-oe-linux-gnueabi/4.9.2;/home/ktw/Documents/tm2sdk-master/sysroots/x86_64-oesdk-linux/usr/lib/arm-oe-linux-gnueabi/gcc;/home/ktw/Documents/tm2sdk-master/sysroots/armv7a-vfp-neon-oe-linux-gnueabi/lib;/home/ktw/Documents/tm2sdk-master/sysroots/armv7a-vfp-neon-oe-linux-gnueabi/usr/lib/arm-oe-linux-gnueabi/4.9.2;/home/ktw/Documents/tm2sdk-master/sysroots/armv7a-vfp-neon-oe-linux-gnueabi/usr/lib]
  implicit fwks: []


